2015-11-04 17:07:48 [::1][-][-][error][yii\base\ErrorException:1] exception 'yii\base\ErrorException' with message 'Call to undefined method Yii::app()' in C:\wamp\www\GestCitLeiria\advanced\frontend\controllers\SiteController.php:229
Stack trace:
#0 C:\wamp\www\GestCitLeiria\advanced\vendor\yiisoft\yii2\base\InlineAction.php(55): ::call_user_func_array:{C:\wamp\www\GestCitLeiria\advanced\vendor\yiisoft\yii2\base\InlineAction.php:55}()
#1 C:\wamp\www\GestCitLeiria\advanced\vendor\yiisoft\yii2\base\Controller.php(151): yii\base\InlineAction->runWithParams()
#2 C:\wamp\www\GestCitLeiria\advanced\vendor\yiisoft\yii2\base\Module.php(455): yii\base\Controller->runAction()
#3 C:\wamp\www\GestCitLeiria\advanced\vendor\yiisoft\yii2\web\Application.php(84): yii\base\Module->runAction()
#4 C:\wamp\www\GestCitLeiria\advanced\vendor\yiisoft\yii2\base\Application.php(375): yii\web\Application->handleRequest()
#5 C:\wamp\www\GestCitLeiria\advanced\frontend\web\index.php(18): yii\base\Application->run()
#6 {main}
2015-11-04 17:07:48 [::1][-][-][info][application] $_GET = [
    'r' => 'site/agenda'
]

$_COOKIE = [
    '_identity' => '88c08541e67ed94e54abd1484f910aa790525cc0111072bb05bdc44aca010752a:2:{i:0;s:9:\"_identity\";i:1;s:46:\"[2,\"58jbDQSs6PaGnCY83APDNUpI_B-nbRcs\",2592000]\";}'
    'PHPSESSID' => 'n2th3p9tksj2ksb5rv4oidmsl2'
    '_csrf' => '6ef12f146f6ecc4071ae6e965ce988c2a44f60a5d826eb829b695d3e6f0da81aa:2:{i:0;s:5:\"_csrf\";i:1;s:32:\"3aWG5PHqKXgOtE1pplYoEuXmou6QLfXl\";}'
]

$_SERVER = [
    'HTTP_HOST' => 'localhost'
    'HTTP_CONNECTION' => 'keep-alive'
    'HTTP_ACCEPT' => 'text/html,application/xhtml+xml,application/xml;q=0.9,image/webp,*/*;q=0.8'
    'HTTP_UPGRADE_INSECURE_REQUESTS' => '1'
    'HTTP_USER_AGENT' => 'Mozilla/5.0 (Windows NT 6.3; WOW64) AppleWebKit/537.36 (KHTML, like Gecko) Chrome/46.0.2490.80 Safari/537.36'
    'HTTP_REFERER' => 'http://localhost/GestCitLeiria/advanced/frontend/web/index.php?r=site%2Fcontact'
    'HTTP_ACCEPT_ENCODING' => 'gzip, deflate, sdch'
    'HTTP_ACCEPT_LANGUAGE' => 'pt-PT,pt;q=0.8,en-US;q=0.6,en;q=0.4'
    'HTTP_COOKIE' => '_identity=88c08541e67ed94e54abd1484f910aa790525cc0111072bb05bdc44aca010752a%3A2%3A%7Bi%3A0%3Bs%3A9%3A%22_identity%22%3Bi%3A1%3Bs%3A46%3A%22%5B2%2C%2258jbDQSs6PaGnCY83APDNUpI_B-nbRcs%22%2C2592000%5D%22%3B%7D; PHPSESSID=n2th3p9tksj2ksb5rv4oidmsl2; _csrf=6ef12f146f6ecc4071ae6e965ce988c2a44f60a5d826eb829b695d3e6f0da81aa%3A2%3A%7Bi%3A0%3Bs%3A5%3A%22_csrf%22%3Bi%3A1%3Bs%3A32%3A%223aWG5PHqKXgOtE1pplYoEuXmou6QLfXl%22%3B%7D'
    'PATH' => 'C:\\Program Files (x86)\\Intel\\iCLS Client\\;C:\\Program Files\\Intel\\iCLS Client\\;C:\\Windows\\system32;C:\\Windows;C:\\Windows\\System32\\Wbem;C:\\Windows\\System32\\WindowsPowerShell\\v1.0\\;C:\\Program Files\\Intel\\Intel(R) Management Engine Components\\DAL;C:\\Program Files\\Intel\\Intel(R) Management Engine Components\\IPT;C:\\Program Files (x86)\\Intel\\Intel(R) Management Engine Components\\DAL;C:\\Program Files (x86)\\Intel\\Intel(R) Management Engine Components\\IPT;C:\\Program Files (x86)\\Windows Kits\\8.1\\Windows Performance Toolkit\\;C:\\Program Files\\Microsoft SQL Server\\110\\Tools\\Binn\\;C:\\Program Files\\Java\\jdk1.8.0_45\\bin;C:\\Windows\\system32\\config\\systemprofile\\.dnx\\bin;C:\\Program Files\\Microsoft DNX\\Dnvm\\;C:\\wamp\\bin\\php\\php5.5.12;C:\\ProgramData\\ComposerSetup\\bin;C:\\HashiCorp\\Vagrant\\bin;C:\\Program Files\\Git\\cmd;C:\\Program Files\\Git\\mingw64\\bin;C:\\Program Files\\Git\\usr\\bin;'
    'SystemRoot' => 'C:\\Windows'
    'COMSPEC' => 'C:\\Windows\\system32\\cmd.exe'
    'PATHEXT' => '.COM;.EXE;.BAT;.CMD;.VBS;.VBE;.JS;.JSE;.WSF;.WSH;.MSC'
    'WINDIR' => 'C:\\Windows'
    'SERVER_SIGNATURE' => '<address>Apache/2.4.9 (Win64) PHP/5.5.12 Server at localhost Port 80</address>
'
    'SERVER_SOFTWARE' => 'Apache/2.4.9 (Win64) PHP/5.5.12'
    'SERVER_NAME' => 'localhost'
    'SERVER_ADDR' => '::1'
    'SERVER_PORT' => '80'
    'REMOTE_ADDR' => '::1'
    'DOCUMENT_ROOT' => 'C:/wamp/www/'
    'REQUEST_SCHEME' => 'http'
    'CONTEXT_PREFIX' => ''
    'CONTEXT_DOCUMENT_ROOT' => 'C:/wamp/www/'
    'SERVER_ADMIN' => 'admin@example.com'
    'SCRIPT_FILENAME' => 'C:/wamp/www/GestCitLeiria/advanced/frontend/web/index.php'
    'REMOTE_PORT' => '12747'
    'GATEWAY_INTERFACE' => 'CGI/1.1'
    'SERVER_PROTOCOL' => 'HTTP/1.1'
    'REQUEST_METHOD' => 'GET'
    'QUERY_STRING' => 'r=site%2Fagenda'
    'REQUEST_URI' => '/GestCitLeiria/advanced/frontend/web/index.php?r=site%2Fagenda'
    'SCRIPT_NAME' => '/GestCitLeiria/advanced/frontend/web/index.php'
    'PHP_SELF' => '/GestCitLeiria/advanced/frontend/web/index.php'
    'REQUEST_TIME_FLOAT' => 1446653268.668
    'REQUEST_TIME' => 1446653268
]
2015-11-04 17:07:48 [::1][-][-][error][yii\base\ErrorException:1] exception 'yii\base\ErrorException' with message 'Call to undefined method Yii::app()' in C:\wamp\www\GestCitLeiria\advanced\frontend\controllers\SiteController.php:229
Stack trace:
#0 C:\wamp\www\GestCitLeiria\advanced\vendor\yiisoft\yii2\base\InlineAction.php(55): ::call_user_func_array:{C:\wamp\www\GestCitLeiria\advanced\vendor\yiisoft\yii2\base\InlineAction.php:55}()
#1 C:\wamp\www\GestCitLeiria\advanced\vendor\yiisoft\yii2\base\Controller.php(151): yii\base\InlineAction->runWithParams()
#2 C:\wamp\www\GestCitLeiria\advanced\vendor\yiisoft\yii2\base\Module.php(455): yii\base\Controller->runAction()
#3 C:\wamp\www\GestCitLeiria\advanced\vendor\yiisoft\yii2\web\Application.php(84): yii\base\Module->runAction()
#4 C:\wamp\www\GestCitLeiria\advanced\vendor\yiisoft\yii2\base\Application.php(375): yii\web\Application->handleRequest()
#5 C:\wamp\www\GestCitLeiria\advanced\frontend\web\index.php(18): yii\base\Application->run()
#6 {main}
2015-11-04 17:07:48 [::1][-][-][info][application] $_GET = [
    'r' => 'site/agenda'
]

$_COOKIE = [
    '_identity' => '88c08541e67ed94e54abd1484f910aa790525cc0111072bb05bdc44aca010752a:2:{i:0;s:9:\"_identity\";i:1;s:46:\"[2,\"58jbDQSs6PaGnCY83APDNUpI_B-nbRcs\",2592000]\";}'
    'PHPSESSID' => 'n2th3p9tksj2ksb5rv4oidmsl2'
    '_csrf' => '6ef12f146f6ecc4071ae6e965ce988c2a44f60a5d826eb829b695d3e6f0da81aa:2:{i:0;s:5:\"_csrf\";i:1;s:32:\"3aWG5PHqKXgOtE1pplYoEuXmou6QLfXl\";}'
]

$_SERVER = [
    'HTTP_HOST' => 'localhost'
    'HTTP_CONNECTION' => 'keep-alive'
    'HTTP_ACCEPT' => 'text/html,application/xhtml+xml,application/xml;q=0.9,image/webp,*/*;q=0.8'
    'HTTP_UPGRADE_INSECURE_REQUESTS' => '1'
    'HTTP_USER_AGENT' => 'Mozilla/5.0 (Windows NT 6.3; WOW64) AppleWebKit/537.36 (KHTML, like Gecko) Chrome/46.0.2490.80 Safari/537.36'
    'HTTP_REFERER' => 'http://localhost/GestCitLeiria/advanced/frontend/web/index.php?r=site%2Fcontact'
    'HTTP_ACCEPT_ENCODING' => 'gzip, deflate, sdch'
    'HTTP_ACCEPT_LANGUAGE' => 'pt-PT,pt;q=0.8,en-US;q=0.6,en;q=0.4'
    'HTTP_COOKIE' => '_identity=88c08541e67ed94e54abd1484f910aa790525cc0111072bb05bdc44aca010752a%3A2%3A%7Bi%3A0%3Bs%3A9%3A%22_identity%22%3Bi%3A1%3Bs%3A46%3A%22%5B2%2C%2258jbDQSs6PaGnCY83APDNUpI_B-nbRcs%22%2C2592000%5D%22%3B%7D; PHPSESSID=n2th3p9tksj2ksb5rv4oidmsl2; _csrf=6ef12f146f6ecc4071ae6e965ce988c2a44f60a5d826eb829b695d3e6f0da81aa%3A2%3A%7Bi%3A0%3Bs%3A5%3A%22_csrf%22%3Bi%3A1%3Bs%3A32%3A%223aWG5PHqKXgOtE1pplYoEuXmou6QLfXl%22%3B%7D'
    'PATH' => 'C:\\Program Files (x86)\\Intel\\iCLS Client\\;C:\\Program Files\\Intel\\iCLS Client\\;C:\\Windows\\system32;C:\\Windows;C:\\Windows\\System32\\Wbem;C:\\Windows\\System32\\WindowsPowerShell\\v1.0\\;C:\\Program Files\\Intel\\Intel(R) Management Engine Components\\DAL;C:\\Program Files\\Intel\\Intel(R) Management Engine Components\\IPT;C:\\Program Files (x86)\\Intel\\Intel(R) Management Engine Components\\DAL;C:\\Program Files (x86)\\Intel\\Intel(R) Management Engine Components\\IPT;C:\\Program Files (x86)\\Windows Kits\\8.1\\Windows Performance Toolkit\\;C:\\Program Files\\Microsoft SQL Server\\110\\Tools\\Binn\\;C:\\Program Files\\Java\\jdk1.8.0_45\\bin;C:\\Windows\\system32\\config\\systemprofile\\.dnx\\bin;C:\\Program Files\\Microsoft DNX\\Dnvm\\;C:\\wamp\\bin\\php\\php5.5.12;C:\\ProgramData\\ComposerSetup\\bin;C:\\HashiCorp\\Vagrant\\bin;C:\\Program Files\\Git\\cmd;C:\\Program Files\\Git\\mingw64\\bin;C:\\Program Files\\Git\\usr\\bin;'
    'SystemRoot' => 'C:\\Windows'
    'COMSPEC' => 'C:\\Windows\\system32\\cmd.exe'
    'PATHEXT' => '.COM;.EXE;.BAT;.CMD;.VBS;.VBE;.JS;.JSE;.WSF;.WSH;.MSC'
    'WINDIR' => 'C:\\Windows'
    'SERVER_SIGNATURE' => '<address>Apache/2.4.9 (Win64) PHP/5.5.12 Server at localhost Port 80</address>
'
    'SERVER_SOFTWARE' => 'Apache/2.4.9 (Win64) PHP/5.5.12'
    'SERVER_NAME' => 'localhost'
    'SERVER_ADDR' => '::1'
    'SERVER_PORT' => '80'
    'REMOTE_ADDR' => '::1'
    'DOCUMENT_ROOT' => 'C:/wamp/www/'
    'REQUEST_SCHEME' => 'http'
    'CONTEXT_PREFIX' => ''
    'CONTEXT_DOCUMENT_ROOT' => 'C:/wamp/www/'
    'SERVER_ADMIN' => 'admin@example.com'
    'SCRIPT_FILENAME' => 'C:/wamp/www/GestCitLeiria/advanced/frontend/web/index.php'
    'REMOTE_PORT' => '12746'
    'GATEWAY_INTERFACE' => 'CGI/1.1'
    'SERVER_PROTOCOL' => 'HTTP/1.1'
    'REQUEST_METHOD' => 'GET'
    'QUERY_STRING' => 'r=site%2Fagenda'
    'REQUEST_URI' => '/GestCitLeiria/advanced/frontend/web/index.php?r=site%2Fagenda'
    'SCRIPT_NAME' => '/GestCitLeiria/advanced/frontend/web/index.php'
    'PHP_SELF' => '/GestCitLeiria/advanced/frontend/web/index.php'
    'REQUEST_TIME_FLOAT' => 1446653268.654
    'REQUEST_TIME' => 1446653268
]
2015-11-04 17:08:23 [::1][-][-][error][yii\base\ErrorException:1] exception 'yii\base\ErrorException' with message 'Call to undefined method Yii::app()' in C:\wamp\www\GestCitLeiria\advanced\frontend\controllers\SiteController.php:229
Stack trace:
#0 C:\wamp\www\GestCitLeiria\advanced\vendor\yiisoft\yii2\base\InlineAction.php(55): ::call_user_func_array:{C:\wamp\www\GestCitLeiria\advanced\vendor\yiisoft\yii2\base\InlineAction.php:55}()
#1 C:\wamp\www\GestCitLeiria\advanced\vendor\yiisoft\yii2\base\Controller.php(151): yii\base\InlineAction->runWithParams()
#2 C:\wamp\www\GestCitLeiria\advanced\vendor\yiisoft\yii2\base\Module.php(455): yii\base\Controller->runAction()
#3 C:\wamp\www\GestCitLeiria\advanced\vendor\yiisoft\yii2\web\Application.php(84): yii\base\Module->runAction()
#4 C:\wamp\www\GestCitLeiria\advanced\vendor\yiisoft\yii2\base\Application.php(375): yii\web\Application->handleRequest()
#5 C:\wamp\www\GestCitLeiria\advanced\frontend\web\index.php(18): yii\base\Application->run()
#6 {main}
2015-11-04 17:08:23 [::1][-][-][info][application] $_GET = [
    'r' => 'site/agenda'
]

$_COOKIE = [
    '_identity' => '88c08541e67ed94e54abd1484f910aa790525cc0111072bb05bdc44aca010752a:2:{i:0;s:9:\"_identity\";i:1;s:46:\"[2,\"58jbDQSs6PaGnCY83APDNUpI_B-nbRcs\",2592000]\";}'
    'PHPSESSID' => 'n2th3p9tksj2ksb5rv4oidmsl2'
    '_csrf' => '6ef12f146f6ecc4071ae6e965ce988c2a44f60a5d826eb829b695d3e6f0da81aa:2:{i:0;s:5:\"_csrf\";i:1;s:32:\"3aWG5PHqKXgOtE1pplYoEuXmou6QLfXl\";}'
]

$_SERVER = [
    'HTTP_HOST' => 'localhost'
    'HTTP_CONNECTION' => 'keep-alive'
    'HTTP_ACCEPT' => 'text/html,application/xhtml+xml,application/xml;q=0.9,image/webp,*/*;q=0.8'
    'HTTP_UPGRADE_INSECURE_REQUESTS' => '1'
    'HTTP_USER_AGENT' => 'Mozilla/5.0 (Windows NT 6.3; WOW64) AppleWebKit/537.36 (KHTML, like Gecko) Chrome/46.0.2490.80 Safari/537.36'
    'HTTP_REFERER' => 'http://localhost/GestCitLeiria/advanced/frontend/web/index.php?r=site%2Fcontact'
    'HTTP_ACCEPT_ENCODING' => 'gzip, deflate, sdch'
    'HTTP_ACCEPT_LANGUAGE' => 'pt-PT,pt;q=0.8,en-US;q=0.6,en;q=0.4'
    'HTTP_COOKIE' => '_identity=88c08541e67ed94e54abd1484f910aa790525cc0111072bb05bdc44aca010752a%3A2%3A%7Bi%3A0%3Bs%3A9%3A%22_identity%22%3Bi%3A1%3Bs%3A46%3A%22%5B2%2C%2258jbDQSs6PaGnCY83APDNUpI_B-nbRcs%22%2C2592000%5D%22%3B%7D; PHPSESSID=n2th3p9tksj2ksb5rv4oidmsl2; _csrf=6ef12f146f6ecc4071ae6e965ce988c2a44f60a5d826eb829b695d3e6f0da81aa%3A2%3A%7Bi%3A0%3Bs%3A5%3A%22_csrf%22%3Bi%3A1%3Bs%3A32%3A%223aWG5PHqKXgOtE1pplYoEuXmou6QLfXl%22%3B%7D'
    'PATH' => 'C:\\Program Files (x86)\\Intel\\iCLS Client\\;C:\\Program Files\\Intel\\iCLS Client\\;C:\\Windows\\system32;C:\\Windows;C:\\Windows\\System32\\Wbem;C:\\Windows\\System32\\WindowsPowerShell\\v1.0\\;C:\\Program Files\\Intel\\Intel(R) Management Engine Components\\DAL;C:\\Program Files\\Intel\\Intel(R) Management Engine Components\\IPT;C:\\Program Files (x86)\\Intel\\Intel(R) Management Engine Components\\DAL;C:\\Program Files (x86)\\Intel\\Intel(R) Management Engine Components\\IPT;C:\\Program Files (x86)\\Windows Kits\\8.1\\Windows Performance Toolkit\\;C:\\Program Files\\Microsoft SQL Server\\110\\Tools\\Binn\\;C:\\Program Files\\Java\\jdk1.8.0_45\\bin;C:\\Windows\\system32\\config\\systemprofile\\.dnx\\bin;C:\\Program Files\\Microsoft DNX\\Dnvm\\;C:\\wamp\\bin\\php\\php5.5.12;C:\\ProgramData\\ComposerSetup\\bin;C:\\HashiCorp\\Vagrant\\bin;C:\\Program Files\\Git\\cmd;C:\\Program Files\\Git\\mingw64\\bin;C:\\Program Files\\Git\\usr\\bin;'
    'SystemRoot' => 'C:\\Windows'
    'COMSPEC' => 'C:\\Windows\\system32\\cmd.exe'
    'PATHEXT' => '.COM;.EXE;.BAT;.CMD;.VBS;.VBE;.JS;.JSE;.WSF;.WSH;.MSC'
    'WINDIR' => 'C:\\Windows'
    'SERVER_SIGNATURE' => '<address>Apache/2.4.9 (Win64) PHP/5.5.12 Server at localhost Port 80</address>
'
    'SERVER_SOFTWARE' => 'Apache/2.4.9 (Win64) PHP/5.5.12'
    'SERVER_NAME' => 'localhost'
    'SERVER_ADDR' => '::1'
    'SERVER_PORT' => '80'
    'REMOTE_ADDR' => '::1'
    'DOCUMENT_ROOT' => 'C:/wamp/www/'
    'REQUEST_SCHEME' => 'http'
    'CONTEXT_PREFIX' => ''
    'CONTEXT_DOCUMENT_ROOT' => 'C:/wamp/www/'
    'SERVER_ADMIN' => 'admin@example.com'
    'SCRIPT_FILENAME' => 'C:/wamp/www/GestCitLeiria/advanced/frontend/web/index.php'
    'REMOTE_PORT' => '12756'
    'GATEWAY_INTERFACE' => 'CGI/1.1'
    'SERVER_PROTOCOL' => 'HTTP/1.1'
    'REQUEST_METHOD' => 'GET'
    'QUERY_STRING' => 'r=site%2Fagenda'
    'REQUEST_URI' => '/GestCitLeiria/advanced/frontend/web/index.php?r=site%2Fagenda'
    'SCRIPT_NAME' => '/GestCitLeiria/advanced/frontend/web/index.php'
    'PHP_SELF' => '/GestCitLeiria/advanced/frontend/web/index.php'
    'REQUEST_TIME_FLOAT' => 1446653303.321
    'REQUEST_TIME' => 1446653303
]
